[04-Jul-2024 14:41:00 Europe/Berlin] PHP Warning:  Undefined variable $bookings in C:\xampp\htdocs\finalP\book.php on line 73
[04-Jul-2024 14:41:00 Europe/Berlin] PHP Fatal error:  Uncaught TypeError: in_array(): Argument #2 ($haystack) must be of type array, null given in C:\xampp\htdocs\finalP\book.php:73
Stack trace:
#0 C:\xampp\htdocs\finalP\book.php(73): in_array('14:41 - 15:11', NULL)
#1 C:\xampp\htdocs\finalP\book.php(190): availableTimeslots('2024-07-05', 30, 10, '10:00', '16:00')
#2 {main}
  thrown in C:\xampp\htdocs\finalP\book.php on line 73
[05-Jul-2024 13:26:49 Europe/Berlin] PHP Fatal error:  Uncaught Exception: Failed to parse time string (10) at position 0 (1): Unexpected character in C:\xampp\htdocs\finalP\book.php:47
Stack trace:
#0 C:\xampp\htdocs\finalP\book.php(47): DateTime->__construct('10')
#1 C:\xampp\htdocs\finalP\book.php(188): timeslots('2024-07-05', 30, 10, '10:00', '16:00')
#2 {main}
  thrown in C:\xampp\htdocs\finalP\book.php on line 47
[05-Jul-2024 13:31:08 Europe/Berlin] PHP Fatal error:  Uncaught ArgumentCountError: Too few arguments to function timeslots(), 5 passed in C:\xampp\htdocs\finalP\book.php on line 188 and exactly 6 expected in C:\xampp\htdocs\finalP\book.php:46
Stack trace:
#0 C:\xampp\htdocs\finalP\book.php(188): timeslots('2024-07-05', 30, 10, '10:00', '16:00')
#1 {main}
  thrown in C:\xampp\htdocs\finalP\book.php on line 46
[05-Jul-2024 13:31:09 Europe/Berlin] PHP Fatal error:  Uncaught ArgumentCountError: Too few arguments to function timeslots(), 5 passed in C:\xampp\htdocs\finalP\book.php on line 188 and exactly 6 expected in C:\xampp\htdocs\finalP\book.php:46
Stack trace:
#0 C:\xampp\htdocs\finalP\book.php(188): timeslots('2024-07-05', 30, 10, '10:00', '16:00')
#1 {main}
  thrown in C:\xampp\htdocs\finalP\book.php on line 46
[05-Jul-2024 13:33:17 Europe/Berlin] PHP Fatal error:  Uncaught ArgumentCountError: Too few arguments to function timeslots(), 5 passed in C:\xampp\htdocs\finalP\book.php on line 185 and exactly 6 expected in C:\xampp\htdocs\finalP\book.php:46
Stack trace:
#0 C:\xampp\htdocs\finalP\book.php(185): timeslots('2024-07-05', 30, 10, '10:00', '16:00')
#1 {main}
  thrown in C:\xampp\htdocs\finalP\book.php on line 46
[05-Jul-2024 13:33:17 Europe/Berlin] PHP Fatal error:  Uncaught ArgumentCountError: Too few arguments to function timeslots(), 5 passed in C:\xampp\htdocs\finalP\book.php on line 185 and exactly 6 expected in C:\xampp\htdocs\finalP\book.php:46
Stack trace:
#0 C:\xampp\htdocs\finalP\book.php(185): timeslots('2024-07-05', 30, 10, '10:00', '16:00')
#1 {main}
  thrown in C:\xampp\htdocs\finalP\book.php on line 46
[05-Jul-2024 13:33:18 Europe/Berlin] PHP Fatal error:  Uncaught ArgumentCountError: Too few arguments to function timeslots(), 5 passed in C:\xampp\htdocs\finalP\book.php on line 185 and exactly 6 expected in C:\xampp\htdocs\finalP\book.php:46
Stack trace:
#0 C:\xampp\htdocs\finalP\book.php(185): timeslots('2024-07-05', 30, 10, '10:00', '16:00')
#1 {main}
  thrown in C:\xampp\htdocs\finalP\book.php on line 46
[05-Jul-2024 13:33:18 Europe/Berlin] PHP Fatal error:  Uncaught ArgumentCountError: Too few arguments to function timeslots(), 5 passed in C:\xampp\htdocs\finalP\book.php on line 185 and exactly 6 expected in C:\xampp\htdocs\finalP\book.php:46
Stack trace:
#0 C:\xampp\htdocs\finalP\book.php(185): timeslots('2024-07-05', 30, 10, '10:00', '16:00')
#1 {main}
  thrown in C:\xampp\htdocs\finalP\book.php on line 46
[05-Jul-2024 13:33:32 Europe/Berlin] PHP Fatal error:  Uncaught ArgumentCountError: Too few arguments to function timeslots(), 5 passed in C:\xampp\htdocs\finalP\book.php on line 186 and exactly 6 expected in C:\xampp\htdocs\finalP\book.php:46
Stack trace:
#0 C:\xampp\htdocs\finalP\book.php(186): timeslots('2024-07-05', 30, 10, '10:00', '16:00')
#1 {main}
  thrown in C:\xampp\htdocs\finalP\book.php on line 46
[05-Jul-2024 13:33:32 Europe/Berlin] PHP Fatal error:  Uncaught ArgumentCountError: Too few arguments to function timeslots(), 5 passed in C:\xampp\htdocs\finalP\book.php on line 186 and exactly 6 expected in C:\xampp\htdocs\finalP\book.php:46
Stack trace:
#0 C:\xampp\htdocs\finalP\book.php(186): timeslots('2024-07-05', 30, 10, '10:00', '16:00')
#1 {main}
  thrown in C:\xampp\htdocs\finalP\book.php on line 46
[05-Jul-2024 13:35:05 Europe/Berlin] PHP Fatal error:  Uncaught ArgumentCountError: Too few arguments to function timeslots(), 5 passed in C:\xampp\htdocs\finalP\book.php on line 199 and exactly 6 expected in C:\xampp\htdocs\finalP\book.php:46
Stack trace:
#0 C:\xampp\htdocs\finalP\book.php(199): timeslots('2024-07-05', 30, 10, '10:00', '16:00')
#1 {main}
  thrown in C:\xampp\htdocs\finalP\book.php on line 46
[05-Jul-2024 13:35:05 Europe/Berlin] PHP Fatal error:  Uncaught ArgumentCountError: Too few arguments to function timeslots(), 5 passed in C:\xampp\htdocs\finalP\book.php on line 199 and exactly 6 expected in C:\xampp\htdocs\finalP\book.php:46
Stack trace:
#0 C:\xampp\htdocs\finalP\book.php(199): timeslots('2024-07-05', 30, 10, '10:00', '16:00')
#1 {main}
  thrown in C:\xampp\htdocs\finalP\book.php on line 46
[05-Jul-2024 13:35:05 Europe/Berlin] PHP Fatal error:  Uncaught ArgumentCountError: Too few arguments to function timeslots(), 5 passed in C:\xampp\htdocs\finalP\book.php on line 199 and exactly 6 expected in C:\xampp\htdocs\finalP\book.php:46
Stack trace:
#0 C:\xampp\htdocs\finalP\book.php(199): timeslots('2024-07-05', 30, 10, '10:00', '16:00')
#1 {main}
  thrown in C:\xampp\htdocs\finalP\book.php on line 46
[05-Jul-2024 13:35:05 Europe/Berlin] PHP Fatal error:  Uncaught ArgumentCountError: Too few arguments to function timeslots(), 5 passed in C:\xampp\htdocs\finalP\book.php on line 199 and exactly 6 expected in C:\xampp\htdocs\finalP\book.php:46
Stack trace:
#0 C:\xampp\htdocs\finalP\book.php(199): timeslots('2024-07-05', 30, 10, '10:00', '16:00')
#1 {main}
  thrown in C:\xampp\htdocs\finalP\book.php on line 46
[05-Jul-2024 13:35:06 Europe/Berlin] PHP Fatal error:  Uncaught ArgumentCountError: Too few arguments to function timeslots(), 5 passed in C:\xampp\htdocs\finalP\book.php on line 199 and exactly 6 expected in C:\xampp\htdocs\finalP\book.php:46
Stack trace:
#0 C:\xampp\htdocs\finalP\book.php(199): timeslots('2024-07-05', 30, 10, '10:00', '16:00')
#1 {main}
  thrown in C:\xampp\htdocs\finalP\book.php on line 46
[05-Jul-2024 13:35:06 Europe/Berlin] PHP Fatal error:  Uncaught ArgumentCountError: Too few arguments to function timeslots(), 5 passed in C:\xampp\htdocs\finalP\book.php on line 199 and exactly 6 expected in C:\xampp\htdocs\finalP\book.php:46
Stack trace:
#0 C:\xampp\htdocs\finalP\book.php(199): timeslots('2024-07-05', 30, 10, '10:00', '16:00')
#1 {main}
  thrown in C:\xampp\htdocs\finalP\book.php on line 46
[05-Jul-2024 13:35:06 Europe/Berlin] PHP Fatal error:  Uncaught ArgumentCountError: Too few arguments to function timeslots(), 5 passed in C:\xampp\htdocs\finalP\book.php on line 199 and exactly 6 expected in C:\xampp\htdocs\finalP\book.php:46
Stack trace:
#0 C:\xampp\htdocs\finalP\book.php(199): timeslots('2024-07-05', 30, 10, '10:00', '16:00')
#1 {main}
  thrown in C:\xampp\htdocs\finalP\book.php on line 46
[05-Jul-2024 13:44:24 Europe/Berlin] PHP Fatal error:  Uncaught ArgumentCountError: Too few arguments to function timeslots(), 5 passed in C:\xampp\htdocs\finalP\book.php on line 191 and exactly 6 expected in C:\xampp\htdocs\finalP\book.php:45
Stack trace:
#0 C:\xampp\htdocs\finalP\book.php(191): timeslots('2024-07-05', 30, 10, '10:00', '16:00')
#1 {main}
  thrown in C:\xampp\htdocs\finalP\book.php on line 45
[05-Jul-2024 13:44:25 Europe/Berlin] PHP Fatal error:  Uncaught ArgumentCountError: Too few arguments to function timeslots(), 5 passed in C:\xampp\htdocs\finalP\book.php on line 191 and exactly 6 expected in C:\xampp\htdocs\finalP\book.php:45
Stack trace:
#0 C:\xampp\htdocs\finalP\book.php(191): timeslots('2024-07-05', 30, 10, '10:00', '16:00')
#1 {main}
  thrown in C:\xampp\htdocs\finalP\book.php on line 45
[05-Jul-2024 13:44:25 Europe/Berlin] PHP Fatal error:  Uncaught ArgumentCountError: Too few arguments to function timeslots(), 5 passed in C:\xampp\htdocs\finalP\book.php on line 191 and exactly 6 expected in C:\xampp\htdocs\finalP\book.php:45
Stack trace:
#0 C:\xampp\htdocs\finalP\book.php(191): timeslots('2024-07-05', 30, 10, '10:00', '16:00')
#1 {main}
  thrown in C:\xampp\htdocs\finalP\book.php on line 45
[05-Jul-2024 13:44:25 Europe/Berlin] PHP Fatal error:  Uncaught ArgumentCountError: Too few arguments to function timeslots(), 5 passed in C:\xampp\htdocs\finalP\book.php on line 191 and exactly 6 expected in C:\xampp\htdocs\finalP\book.php:45
Stack trace:
#0 C:\xampp\htdocs\finalP\book.php(191): timeslots('2024-07-05', 30, 10, '10:00', '16:00')
#1 {main}
  thrown in C:\xampp\htdocs\finalP\book.php on line 45
[05-Jul-2024 13:44:26 Europe/Berlin] PHP Fatal error:  Uncaught ArgumentCountError: Too few arguments to function timeslots(), 5 passed in C:\xampp\htdocs\finalP\book.php on line 191 and exactly 6 expected in C:\xampp\htdocs\finalP\book.php:45
Stack trace:
#0 C:\xampp\htdocs\finalP\book.php(191): timeslots('2024-07-05', 30, 10, '10:00', '16:00')
#1 {main}
  thrown in C:\xampp\htdocs\finalP\book.php on line 45
[05-Jul-2024 13:55:04 Europe/Berlin] PHP Fatal error:  Uncaught ArgumentCountError: Too few arguments to function timeslots(), 5 passed in C:\xampp\htdocs\finalP\book.php on line 200 and exactly 6 expected in C:\xampp\htdocs\finalP\book.php:46
Stack trace:
#0 C:\xampp\htdocs\finalP\book.php(200): timeslots('2024-07-05', 30, 10, '10:00', '16:00')
#1 {main}
  thrown in C:\xampp\htdocs\finalP\book.php on line 46
[05-Jul-2024 13:55:04 Europe/Berlin] PHP Fatal error:  Uncaught ArgumentCountError: Too few arguments to function timeslots(), 5 passed in C:\xampp\htdocs\finalP\book.php on line 200 and exactly 6 expected in C:\xampp\htdocs\finalP\book.php:46
Stack trace:
#0 C:\xampp\htdocs\finalP\book.php(200): timeslots('2024-07-05', 30, 10, '10:00', '16:00')
#1 {main}
  thrown in C:\xampp\htdocs\finalP\book.php on line 46
[05-Jul-2024 13:55:05 Europe/Berlin] PHP Fatal error:  Uncaught ArgumentCountError: Too few arguments to function timeslots(), 5 passed in C:\xampp\htdocs\finalP\book.php on line 200 and exactly 6 expected in C:\xampp\htdocs\finalP\book.php:46
Stack trace:
#0 C:\xampp\htdocs\finalP\book.php(200): timeslots('2024-07-05', 30, 10, '10:00', '16:00')
#1 {main}
  thrown in C:\xampp\htdocs\finalP\book.php on line 46
[05-Jul-2024 13:55:05 Europe/Berlin] PHP Fatal error:  Uncaught ArgumentCountError: Too few arguments to function timeslots(), 5 passed in C:\xampp\htdocs\finalP\book.php on line 200 and exactly 6 expected in C:\xampp\htdocs\finalP\book.php:46
Stack trace:
#0 C:\xampp\htdocs\finalP\book.php(200): timeslots('2024-07-05', 30, 10, '10:00', '16:00')
#1 {main}
  thrown in C:\xampp\htdocs\finalP\book.php on line 46
[05-Jul-2024 13:55:22 Europe/Berlin] PHP Warning:  Undefined variable $currentDate in C:\xampp\htdocs\finalP\book.php on line 55
[05-Jul-2024 13:55:23 Europe/Berlin] PHP Warning:  Undefined variable $currentDate in C:\xampp\htdocs\finalP\book.php on line 55
[05-Jul-2024 13:56:02 Europe/Berlin] PHP Fatal error:  Uncaught ArgumentCountError: Too few arguments to function timeslots(), 5 passed in C:\xampp\htdocs\finalP\book.php on line 195 and exactly 6 expected in C:\xampp\htdocs\finalP\book.php:46
Stack trace:
#0 C:\xampp\htdocs\finalP\book.php(195): timeslots('2024-07-05', 30, 10, '10:00', '16:00')
#1 {main}
  thrown in C:\xampp\htdocs\finalP\book.php on line 46
[05-Jul-2024 13:56:03 Europe/Berlin] PHP Fatal error:  Uncaught ArgumentCountError: Too few arguments to function timeslots(), 5 passed in C:\xampp\htdocs\finalP\book.php on line 195 and exactly 6 expected in C:\xampp\htdocs\finalP\book.php:46
Stack trace:
#0 C:\xampp\htdocs\finalP\book.php(195): timeslots('2024-07-05', 30, 10, '10:00', '16:00')
#1 {main}
  thrown in C:\xampp\htdocs\finalP\book.php on line 46
[05-Jul-2024 13:56:03 Europe/Berlin] PHP Fatal error:  Uncaught ArgumentCountError: Too few arguments to function timeslots(), 5 passed in C:\xampp\htdocs\finalP\book.php on line 195 and exactly 6 expected in C:\xampp\htdocs\finalP\book.php:46
Stack trace:
#0 C:\xampp\htdocs\finalP\book.php(195): timeslots('2024-07-05', 30, 10, '10:00', '16:00')
#1 {main}
  thrown in C:\xampp\htdocs\finalP\book.php on line 46
[05-Jul-2024 13:56:03 Europe/Berlin] PHP Fatal error:  Uncaught ArgumentCountError: Too few arguments to function timeslots(), 5 passed in C:\xampp\htdocs\finalP\book.php on line 195 and exactly 6 expected in C:\xampp\htdocs\finalP\book.php:46
Stack trace:
#0 C:\xampp\htdocs\finalP\book.php(195): timeslots('2024-07-05', 30, 10, '10:00', '16:00')
#1 {main}
  thrown in C:\xampp\htdocs\finalP\book.php on line 46
[05-Jul-2024 13:56:03 Europe/Berlin] PHP Fatal error:  Uncaught ArgumentCountError: Too few arguments to function timeslots(), 5 passed in C:\xampp\htdocs\finalP\book.php on line 195 and exactly 6 expected in C:\xampp\htdocs\finalP\book.php:46
Stack trace:
#0 C:\xampp\htdocs\finalP\book.php(195): timeslots('2024-07-05', 30, 10, '10:00', '16:00')
#1 {main}
  thrown in C:\xampp\htdocs\finalP\book.php on line 46
[05-Jul-2024 13:56:03 Europe/Berlin] PHP Fatal error:  Uncaught ArgumentCountError: Too few arguments to function timeslots(), 5 passed in C:\xampp\htdocs\finalP\book.php on line 195 and exactly 6 expected in C:\xampp\htdocs\finalP\book.php:46
Stack trace:
#0 C:\xampp\htdocs\finalP\book.php(195): timeslots('2024-07-05', 30, 10, '10:00', '16:00')
#1 {main}
  thrown in C:\xampp\htdocs\finalP\book.php on line 46
[05-Jul-2024 13:56:04 Europe/Berlin] PHP Fatal error:  Uncaught ArgumentCountError: Too few arguments to function timeslots(), 5 passed in C:\xampp\htdocs\finalP\book.php on line 195 and exactly 6 expected in C:\xampp\htdocs\finalP\book.php:46
Stack trace:
#0 C:\xampp\htdocs\finalP\book.php(195): timeslots('2024-07-05', 30, 10, '10:00', '16:00')
#1 {main}
  thrown in C:\xampp\htdocs\finalP\book.php on line 46
[05-Jul-2024 13:56:04 Europe/Berlin] PHP Fatal error:  Uncaught ArgumentCountError: Too few arguments to function timeslots(), 5 passed in C:\xampp\htdocs\finalP\book.php on line 195 and exactly 6 expected in C:\xampp\htdocs\finalP\book.php:46
Stack trace:
#0 C:\xampp\htdocs\finalP\book.php(195): timeslots('2024-07-05', 30, 10, '10:00', '16:00')
#1 {main}
  thrown in C:\xampp\htdocs\finalP\book.php on line 46
[05-Jul-2024 13:56:04 Europe/Berlin] PHP Fatal error:  Uncaught ArgumentCountError: Too few arguments to function timeslots(), 5 passed in C:\xampp\htdocs\finalP\book.php on line 195 and exactly 6 expected in C:\xampp\htdocs\finalP\book.php:46
Stack trace:
#0 C:\xampp\htdocs\finalP\book.php(195): timeslots('2024-07-05', 30, 10, '10:00', '16:00')
#1 {main}
  thrown in C:\xampp\htdocs\finalP\book.php on line 46
[05-Jul-2024 13:56:04 Europe/Berlin] PHP Fatal error:  Uncaught ArgumentCountError: Too few arguments to function timeslots(), 5 passed in C:\xampp\htdocs\finalP\book.php on line 195 and exactly 6 expected in C:\xampp\htdocs\finalP\book.php:46
Stack trace:
#0 C:\xampp\htdocs\finalP\book.php(195): timeslots('2024-07-05', 30, 10, '10:00', '16:00')
#1 {main}
  thrown in C:\xampp\htdocs\finalP\book.php on line 46
[05-Jul-2024 13:56:04 Europe/Berlin] PHP Fatal error:  Uncaught ArgumentCountError: Too few arguments to function timeslots(), 5 passed in C:\xampp\htdocs\finalP\book.php on line 195 and exactly 6 expected in C:\xampp\htdocs\finalP\book.php:46
Stack trace:
#0 C:\xampp\htdocs\finalP\book.php(195): timeslots('2024-07-05', 30, 10, '10:00', '16:00')
#1 {main}
  thrown in C:\xampp\htdocs\finalP\book.php on line 46
[05-Jul-2024 14:05:20 Europe/Berlin] PHP Fatal error:  Uncaught Exception: Failed to parse time string (10) at position 0 (1): Unexpected character in C:\xampp\htdocs\finalP\book.php:49
Stack trace:
#0 C:\xampp\htdocs\finalP\book.php(49): DateTime->__construct('10')
#1 C:\xampp\htdocs\finalP\book.php(87): timeslots('2024-07-05', 30, 10, '10:00', '16:00', '2024-07-05')
#2 {main}
  thrown in C:\xampp\htdocs\finalP\book.php on line 49
[05-Jul-2024 14:05:21 Europe/Berlin] PHP Fatal error:  Uncaught Exception: Failed to parse time string (10) at position 0 (1): Unexpected character in C:\xampp\htdocs\finalP\book.php:49
Stack trace:
#0 C:\xampp\htdocs\finalP\book.php(49): DateTime->__construct('10')
#1 C:\xampp\htdocs\finalP\book.php(87): timeslots('2024-07-05', 30, 10, '10:00', '16:00', '2024-07-05')
#2 {main}
  thrown in C:\xampp\htdocs\finalP\book.php on line 49
[05-Jul-2024 14:07:05 Europe/Berlin] PHP Warning:  Undefined variable $slots in C:\xampp\htdocs\finalP\book.php on line 47
[05-Jul-2024 14:07:05 Europe/Berlin] PHP Warning:  foreach() argument must be of type array|object, null given in C:\xampp\htdocs\finalP\book.php on line 47
[05-Jul-2024 14:07:23 Europe/Berlin] PHP Warning:  Undefined variable $slots in C:\xampp\htdocs\finalP\book.php on line 80
[05-Jul-2024 14:07:23 Europe/Berlin] PHP Warning:  foreach() argument must be of type array|object, null given in C:\xampp\htdocs\finalP\book.php on line 80
[05-Jul-2024 14:07:24 Europe/Berlin] PHP Warning:  Undefined variable $slots in C:\xampp\htdocs\finalP\book.php on line 80
[05-Jul-2024 14:07:24 Europe/Berlin] PHP Warning:  foreach() argument must be of type array|object, null given in C:\xampp\htdocs\finalP\book.php on line 80
[05-Jul-2024 14:07:24 Europe/Berlin] PHP Warning:  Undefined variable $slots in C:\xampp\htdocs\finalP\book.php on line 80
[05-Jul-2024 14:07:24 Europe/Berlin] PHP Warning:  foreach() argument must be of type array|object, null given in C:\xampp\htdocs\finalP\book.php on line 80
[05-Jul-2024 14:08:51 Europe/Berlin] PHP Fatal error:  Uncaught ArgumentCountError: Too few arguments to function timeslots(), 5 passed in C:\xampp\htdocs\finalP\book.php on line 212 and exactly 6 expected in C:\xampp\htdocs\finalP\book.php:47
Stack trace:
#0 C:\xampp\htdocs\finalP\book.php(212): timeslots('2024-07-06', 30, 10, '10:00', '16:00')
#1 {main}
  thrown in C:\xampp\htdocs\finalP\book.php on line 47
[05-Jul-2024 14:08:52 Europe/Berlin] PHP Fatal error:  Uncaught ArgumentCountError: Too few arguments to function timeslots(), 5 passed in C:\xampp\htdocs\finalP\book.php on line 212 and exactly 6 expected in C:\xampp\htdocs\finalP\book.php:47
Stack trace:
#0 C:\xampp\htdocs\finalP\book.php(212): timeslots('2024-07-06', 30, 10, '10:00', '16:00')
#1 {main}
  thrown in C:\xampp\htdocs\finalP\book.php on line 47
[05-Jul-2024 14:13:56 Europe/Berlin] PHP Fatal error:  Uncaught ArgumentCountError: Too few arguments to function timeslots(), 5 passed in C:\xampp\htdocs\finalP\book.php on line 195 and exactly 6 expected in C:\xampp\htdocs\finalP\book.php:46
Stack trace:
#0 C:\xampp\htdocs\finalP\book.php(195): timeslots('2024-07-06', 30, 10, '10:00', '16:00')
#1 {main}
  thrown in C:\xampp\htdocs\finalP\book.php on line 46
[05-Jul-2024 14:21:55 Europe/Berlin] PHP Warning:  Undefined array key "appointment_date" in C:\xampp\htdocs\finalP\book.php on line 40
[05-Jul-2024 14:21:55 Europe/Berlin] PHP Fatal error:  Uncaught mysqli_sql_exception: Column 'date' cannot be null in C:\xampp\htdocs\finalP\book.php:47
Stack trace:
#0 C:\xampp\htdocs\finalP\book.php(47): mysqli_stmt->execute()
#1 {main}
  thrown in C:\xampp\htdocs\finalP\book.php on line 47
[05-Jul-2024 14:31:28 Europe/Berlin] PHP Fatal error:  Uncaught ArgumentCountError: Too few arguments to function timeslots(), 5 passed in C:\xampp\htdocs\finalP\book.php on line 213 and exactly 6 expected in C:\xampp\htdocs\finalP\book.php:47
Stack trace:
#0 C:\xampp\htdocs\finalP\book.php(213): timeslots('2024-07-05', 30, 10, '10:00', '16:00')
#1 {main}
  thrown in C:\xampp\htdocs\finalP\book.php on line 47
[05-Jul-2024 14:42:59 Europe/Berlin] PHP Warning:  Undefined array key "name" in C:\xampp\htdocs\finalP\book.php on line 65
[05-Jul-2024 14:42:59 Europe/Berlin] PHP Warning:  Undefined array key "email" in C:\xampp\htdocs\finalP\book.php on line 66
[05-Jul-2024 14:42:59 Europe/Berlin] PHP Warning:  Undefined array key "timeslot" in C:\xampp\htdocs\finalP\book.php on line 67
[05-Jul-2024 14:42:59 Europe/Berlin] PHP Warning:  Undefined array key "scheduleday" in C:\xampp\htdocs\finalP\book.php on line 68
[05-Jul-2024 14:42:59 Europe/Berlin] PHP Warning:  Undefined array key "phone" in C:\xampp\htdocs\finalP\book.php on line 69
[05-Jul-2024 14:43:09 Europe/Berlin] PHP Warning:  Undefined array key "name" in C:\xampp\htdocs\finalP\book.php on line 65
[05-Jul-2024 14:43:09 Europe/Berlin] PHP Warning:  Undefined array key "email" in C:\xampp\htdocs\finalP\book.php on line 66
[05-Jul-2024 14:43:09 Europe/Berlin] PHP Warning:  Undefined array key "timeslot" in C:\xampp\htdocs\finalP\book.php on line 67
[05-Jul-2024 14:43:09 Europe/Berlin] PHP Warning:  Undefined array key "scheduleday" in C:\xampp\htdocs\finalP\book.php on line 68
[05-Jul-2024 14:43:09 Europe/Berlin] PHP Warning:  Undefined array key "phone" in C:\xampp\htdocs\finalP\book.php on line 69
[05-Jul-2024 14:43:36 Europe/Berlin] PHP Warning:  Undefined array key "name" in C:\xampp\htdocs\finalP\book.php on line 65
[05-Jul-2024 14:43:36 Europe/Berlin] PHP Warning:  Undefined array key "email" in C:\xampp\htdocs\finalP\book.php on line 66
[05-Jul-2024 14:43:36 Europe/Berlin] PHP Warning:  Undefined array key "timeslot" in C:\xampp\htdocs\finalP\book.php on line 67
[05-Jul-2024 14:43:36 Europe/Berlin] PHP Warning:  Undefined array key "scheduleday" in C:\xampp\htdocs\finalP\book.php on line 68
[05-Jul-2024 14:43:36 Europe/Berlin] PHP Warning:  Undefined array key "phone" in C:\xampp\htdocs\finalP\book.php on line 69
[05-Jul-2024 14:43:45 Europe/Berlin] PHP Warning:  Undefined array key "name" in C:\xampp\htdocs\finalP\book.php on line 65
[05-Jul-2024 14:43:45 Europe/Berlin] PHP Warning:  Undefined array key "email" in C:\xampp\htdocs\finalP\book.php on line 66
[05-Jul-2024 14:43:45 Europe/Berlin] PHP Warning:  Undefined array key "timeslot" in C:\xampp\htdocs\finalP\book.php on line 67
[05-Jul-2024 14:43:45 Europe/Berlin] PHP Warning:  Undefined array key "scheduleday" in C:\xampp\htdocs\finalP\book.php on line 68
[05-Jul-2024 14:43:45 Europe/Berlin] PHP Warning:  Undefined array key "phone" in C:\xampp\htdocs\finalP\book.php on line 69
[05-Jul-2024 14:50:29 Europe/Berlin] PHP Warning:  Undefined array key "name" in C:\xampp\htdocs\finalP\book.php on line 89
[05-Jul-2024 14:50:29 Europe/Berlin] PHP Warning:  Undefined array key "email" in C:\xampp\htdocs\finalP\book.php on line 90
[05-Jul-2024 14:50:29 Europe/Berlin] PHP Warning:  Undefined array key "timeslot" in C:\xampp\htdocs\finalP\book.php on line 92
[05-Jul-2024 14:50:29 Europe/Berlin] PHP Warning:  Undefined array key "scheduleday" in C:\xampp\htdocs\finalP\book.php on line 93
[05-Jul-2024 14:50:29 Europe/Berlin] PHP Warning:  Undefined array key "phone" in C:\xampp\htdocs\finalP\book.php on line 94
[05-Jul-2024 14:52:14 Europe/Berlin] PHP Warning:  Undefined array key "name" in C:\xampp\htdocs\finalP\book.php on line 65
[05-Jul-2024 14:52:14 Europe/Berlin] PHP Warning:  Undefined array key "email" in C:\xampp\htdocs\finalP\book.php on line 66
[05-Jul-2024 14:52:14 Europe/Berlin] PHP Warning:  Undefined array key "timeslot" in C:\xampp\htdocs\finalP\book.php on line 67
[05-Jul-2024 14:52:14 Europe/Berlin] PHP Warning:  Undefined array key "scheduleday" in C:\xampp\htdocs\finalP\book.php on line 68
[05-Jul-2024 14:52:14 Europe/Berlin] PHP Warning:  Undefined array key "phone" in C:\xampp\htdocs\finalP\book.php on line 69
[05-Jul-2024 14:52:24 Europe/Berlin] PHP Warning:  Undefined array key "name" in C:\xampp\htdocs\finalP\book.php on line 89
[05-Jul-2024 14:52:24 Europe/Berlin] PHP Warning:  Undefined array key "email" in C:\xampp\htdocs\finalP\book.php on line 90
[05-Jul-2024 14:52:24 Europe/Berlin] PHP Warning:  Undefined array key "timeslot" in C:\xampp\htdocs\finalP\book.php on line 92
[05-Jul-2024 14:52:24 Europe/Berlin] PHP Warning:  Undefined array key "scheduleday" in C:\xampp\htdocs\finalP\book.php on line 93
[05-Jul-2024 14:52:24 Europe/Berlin] PHP Warning:  Undefined array key "phone" in C:\xampp\htdocs\finalP\book.php on line 94
[05-Jul-2024 14:52:27 Europe/Berlin] PHP Warning:  Undefined array key "name" in C:\xampp\htdocs\finalP\book.php on line 89
[05-Jul-2024 14:52:27 Europe/Berlin] PHP Warning:  Undefined array key "email" in C:\xampp\htdocs\finalP\book.php on line 90
[05-Jul-2024 14:52:27 Europe/Berlin] PHP Warning:  Undefined array key "timeslot" in C:\xampp\htdocs\finalP\book.php on line 92
[05-Jul-2024 14:52:27 Europe/Berlin] PHP Warning:  Undefined array key "scheduleday" in C:\xampp\htdocs\finalP\book.php on line 93
[05-Jul-2024 14:52:27 Europe/Berlin] PHP Warning:  Undefined array key "phone" in C:\xampp\htdocs\finalP\book.php on line 94
[05-Jul-2024 14:53:20 Europe/Berlin] PHP Warning:  Undefined array key "name" in C:\xampp\htdocs\finalP\book.php on line 65
[05-Jul-2024 14:53:20 Europe/Berlin] PHP Warning:  Undefined array key "email" in C:\xampp\htdocs\finalP\book.php on line 66
[05-Jul-2024 14:53:20 Europe/Berlin] PHP Warning:  Undefined array key "timeslot" in C:\xampp\htdocs\finalP\book.php on line 67
[05-Jul-2024 14:53:20 Europe/Berlin] PHP Warning:  Undefined array key "scheduleday" in C:\xampp\htdocs\finalP\book.php on line 68
[05-Jul-2024 14:53:20 Europe/Berlin] PHP Warning:  Undefined array key "phone" in C:\xampp\htdocs\finalP\book.php on line 69
[05-Jul-2024 14:53:26 Europe/Berlin] PHP Warning:  Undefined array key "name" in C:\xampp\htdocs\finalP\book.php on line 65
[05-Jul-2024 14:53:26 Europe/Berlin] PHP Warning:  Undefined array key "email" in C:\xampp\htdocs\finalP\book.php on line 66
[05-Jul-2024 14:53:26 Europe/Berlin] PHP Warning:  Undefined array key "timeslot" in C:\xampp\htdocs\finalP\book.php on line 67
[05-Jul-2024 14:53:26 Europe/Berlin] PHP Warning:  Undefined array key "scheduleday" in C:\xampp\htdocs\finalP\book.php on line 68
[05-Jul-2024 14:53:26 Europe/Berlin] PHP Warning:  Undefined array key "phone" in C:\xampp\htdocs\finalP\book.php on line 69
[05-Jul-2024 14:53:41 Europe/Berlin] PHP Warning:  Undefined array key "name" in C:\xampp\htdocs\finalP\book.php on line 89
[05-Jul-2024 14:53:41 Europe/Berlin] PHP Warning:  Undefined array key "email" in C:\xampp\htdocs\finalP\book.php on line 90
[05-Jul-2024 14:53:41 Europe/Berlin] PHP Warning:  Undefined array key "timeslot" in C:\xampp\htdocs\finalP\book.php on line 92
[05-Jul-2024 14:53:41 Europe/Berlin] PHP Warning:  Undefined array key "scheduleday" in C:\xampp\htdocs\finalP\book.php on line 93
[05-Jul-2024 14:53:41 Europe/Berlin] PHP Warning:  Undefined array key "phone" in C:\xampp\htdocs\finalP\book.php on line 94
[05-Jul-2024 15:01:07 Europe/Berlin] PHP Fatal error:  Uncaught ArgumentCountError: Too few arguments to function timeslots(), 5 passed in C:\xampp\htdocs\finalP\book.php on line 213 and exactly 6 expected in C:\xampp\htdocs\finalP\book.php:47
Stack trace:
#0 C:\xampp\htdocs\finalP\book.php(213): timeslots('2024-07-05', 30, 10, '10:00', '16:00')
#1 {main}
  thrown in C:\xampp\htdocs\finalP\book.php on line 47
[05-Jul-2024 15:01:13 Europe/Berlin] PHP Fatal error:  Uncaught ArgumentCountError: Too few arguments to function timeslots(), 5 passed in C:\xampp\htdocs\finalP\book.php on line 213 and exactly 6 expected in C:\xampp\htdocs\finalP\book.php:47
Stack trace:
#0 C:\xampp\htdocs\finalP\book.php(213): timeslots('2024-07-06', 30, 10, '10:00', '16:00')
#1 {main}
  thrown in C:\xampp\htdocs\finalP\book.php on line 47
[06-Jul-2024 19:20:24 Europe/Berlin] PHP Warning:  Undefined array key "treatment" in C:\xampp\htdocs\finalP\book.php on line 89
[06-Jul-2024 19:20:24 Europe/Berlin] PHP Warning:  Undefined array key "treatment" in C:\xampp\htdocs\finalP\book.php on line 291
[06-Jul-2024 19:20:55 Europe/Berlin] PHP Warning:  Undefined array key "treatment" in C:\xampp\htdocs\finalP\book.php on line 89
[06-Jul-2024 19:21:10 Europe/Berlin] PHP Warning:  Undefined array key "treatment" in C:\xampp\htdocs\finalP\book.php on line 89
[06-Jul-2024 19:22:06 Europe/Berlin] PHP Fatal error:  Uncaught ArgumentCountError: Too few arguments to function timeslots(), 5 passed in C:\xampp\htdocs\finalP\book.php on line 78 and exactly 6 expected in C:\xampp\htdocs\finalP\book.php:47
Stack trace:
#0 C:\xampp\htdocs\finalP\book.php(78): timeslots(30, 10, '10:00', '16:00', '2024-07-06')
#1 {main}
  thrown in C:\xampp\htdocs\finalP\book.php on line 47
[06-Jul-2024 19:22:09 Europe/Berlin] PHP Fatal error:  Uncaught ArgumentCountError: Too few arguments to function timeslots(), 5 passed in C:\xampp\htdocs\finalP\book.php on line 78 and exactly 6 expected in C:\xampp\htdocs\finalP\book.php:47
Stack trace:
#0 C:\xampp\htdocs\finalP\book.php(78): timeslots(30, 10, '10:00', '16:00', '2024-07-06')
#1 {main}
  thrown in C:\xampp\htdocs\finalP\book.php on line 47
[06-Jul-2024 19:24:29 Europe/Berlin] PHP Fatal error:  Uncaught mysqli_sql_exception: Table 'projectgmrh.appointment' doesn't exist in C:\xampp\htdocs\finalP\book.php:22
Stack trace:
#0 C:\xampp\htdocs\finalP\book.php(22): mysqli->prepare('select * from a...')
#1 {main}
  thrown in C:\xampp\htdocs\finalP\book.php on line 22
[06-Jul-2024 19:24:34 Europe/Berlin] PHP Fatal error:  Uncaught mysqli_sql_exception: Table 'projectgmrh.appointment' doesn't exist in C:\xampp\htdocs\finalP\book.php:22
Stack trace:
#0 C:\xampp\htdocs\finalP\book.php(22): mysqli->prepare('select * from a...')
#1 {main}
  thrown in C:\xampp\htdocs\finalP\book.php on line 22
[06-Jul-2024 19:24:36 Europe/Berlin] PHP Fatal error:  Uncaught mysqli_sql_exception: Table 'projectgmrh.appointment' doesn't exist in C:\xampp\htdocs\finalP\book.php:22
Stack trace:
#0 C:\xampp\htdocs\finalP\book.php(22): mysqli->prepare('select * from a...')
#1 {main}
  thrown in C:\xampp\htdocs\finalP\book.php on line 22
[06-Jul-2024 19:27:13 Europe/Berlin] PHP Fatal error:  Uncaught mysqli_sql_exception: Table 'projectgmrh.appointment' doesn't exist in C:\xampp\htdocs\finalP\book.php:91
Stack trace:
#0 C:\xampp\htdocs\finalP\book.php(91): mysqli->prepare('select * from a...')
#1 {main}
  thrown in C:\xampp\htdocs\finalP\book.php on line 91
[06-Jul-2024 19:34:39 Europe/Berlin] PHP Warning:  mysqli::__construct(): php_network_getaddresses: getaddrinfo for host failed: No such host is known.  in C:\xampp\htdocs\finalP\book.php on line 89
[06-Jul-2024 19:34:39 Europe/Berlin] PHP Fatal error:  Uncaught mysqli_sql_exception: php_network_getaddresses: getaddrinfo for host failed: No such host is known.  in C:\xampp\htdocs\finalP\book.php:89
Stack trace:
#0 C:\xampp\htdocs\finalP\book.php(89): mysqli->__construct('host', 'username', Object(SensitiveParameterValue), 'database')
#1 {main}
  thrown in C:\xampp\htdocs\finalP\book.php on line 89
[06-Jul-2024 19:36:01 Europe/Berlin] PHP Fatal error:  Uncaught Error: mysqli object is already closed in C:\xampp\htdocs\finalP\book.php:306
Stack trace:
#0 C:\xampp\htdocs\finalP\book.php(306): mysqli->prepare('INSERT INTO app...')
#1 {main}
  thrown in C:\xampp\htdocs\finalP\book.php on line 306
[06-Jul-2024 19:36:33 Europe/Berlin] PHP Fatal error:  Uncaught Error: mysqli_stmt object is already closed in C:\xampp\htdocs\finalP\book.php:307
Stack trace:
#0 C:\xampp\htdocs\finalP\book.php(307): mysqli_stmt->bind_param('ssssss', 'aya', 'talzg@gmail.com', '2024-07-06', '13:20 - 13:50', 'Buying products', '058797654')
#1 {main}
  thrown in C:\xampp\htdocs\finalP\book.php on line 307
[06-Jul-2024 19:38:01 Europe/Berlin] PHP Warning:  Undefined variable $slots in C:\xampp\htdocs\finalP\book.php on line 74
[06-Jul-2024 19:38:03 Europe/Berlin] PHP Warning:  Undefined variable $slots in C:\xampp\htdocs\finalP\book.php on line 74
[06-Jul-2024 19:39:10 Europe/Berlin] PHP Warning:  Undefined variable $mysqli in C:\xampp\htdocs\finalP\book.php on line 10
[06-Jul-2024 19:39:10 Europe/Berlin] PHP Warning:  Attempt to read property "connect_error" on null in C:\xampp\htdocs\finalP\book.php on line 10
[06-Jul-2024 19:39:10 Europe/Berlin] PHP Warning:  Undefined variable $mysqli in C:\xampp\htdocs\finalP\book.php on line 23
[06-Jul-2024 19:39:10 Europe/Berlin] PHP Fatal error:  Uncaught Error: Call to a member function prepare() on null in C:\xampp\htdocs\finalP\book.php:23
Stack trace:
#0 {main}
  thrown in C:\xampp\htdocs\finalP\book.php on line 23
[06-Jul-2024 19:39:49 Europe/Berlin] PHP Warning:  Undefined variable $currentDate in C:\xampp\htdocs\finalP\book.php on line 56
[06-Jul-2024 19:39:49 Europe/Berlin] PHP Warning:  Undefined variable $currentDate in C:\xampp\htdocs\finalP\book.php on line 56
[06-Jul-2024 19:43:44 Europe/Berlin] PHP Fatal error:  Uncaught Error: mysqli object is already closed in C:\xampp\htdocs\finalP\book.php:293
Stack trace:
#0 C:\xampp\htdocs\finalP\book.php(293): mysqli->prepare('INSERT INTO app...')
#1 {main}
  thrown in C:\xampp\htdocs\finalP\book.php on line 293
[06-Jul-2024 19:44:01 Europe/Berlin] PHP Fatal error:  Uncaught Error: mysqli object is already closed in C:\xampp\htdocs\finalP\book.php:293
Stack trace:
#0 C:\xampp\htdocs\finalP\book.php(293): mysqli->prepare('INSERT INTO app...')
#1 {main}
  thrown in C:\xampp\htdocs\finalP\book.php on line 293
[06-Jul-2024 19:46:14 Europe/Berlin] PHP Fatal error:  Uncaught Exception: Failed to parse time string (10) at position 0 (1): Unexpected character in C:\xampp\htdocs\finalP\book.php:49
Stack trace:
#0 C:\xampp\htdocs\finalP\book.php(49): DateTime->__construct('10')
#1 C:\xampp\htdocs\finalP\book.php(70): timeslots('2024-07-05', 30, 10, '10:00', '16:00', '2024-07-06')
#2 {main}
  thrown in C:\xampp\htdocs\finalP\book.php on line 49
[06-Jul-2024 19:46:16 Europe/Berlin] PHP Fatal error:  Uncaught Exception: Failed to parse time string (10) at position 0 (1): Unexpected character in C:\xampp\htdocs\finalP\book.php:49
Stack trace:
#0 C:\xampp\htdocs\finalP\book.php(49): DateTime->__construct('10')
#1 C:\xampp\htdocs\finalP\book.php(70): timeslots('2024-07-05', 30, 10, '10:00', '16:00', '2024-07-06')
#2 {main}
  thrown in C:\xampp\htdocs\finalP\book.php on line 49
[06-Jul-2024 19:46:18 Europe/Berlin] PHP Fatal error:  Uncaught Exception: Failed to parse time string (10) at position 0 (1): Unexpected character in C:\xampp\htdocs\finalP\book.php:49
Stack trace:
#0 C:\xampp\htdocs\finalP\book.php(49): DateTime->__construct('10')
#1 C:\xampp\htdocs\finalP\book.php(70): timeslots('2024-07-05', 30, 10, '10:00', '16:00', '2024-07-06')
#2 {main}
  thrown in C:\xampp\htdocs\finalP\book.php on line 49
[06-Jul-2024 19:49:10 Europe/Berlin] PHP Fatal error:  Uncaught mysqli_sql_exception: Table 'projectgmrh.appointment' doesn't exist in C:\xampp\htdocs\finalP\book.php:20
Stack trace:
#0 C:\xampp\htdocs\finalP\book.php(20): mysqli->prepare('select * from a...')
#1 {main}
  thrown in C:\xampp\htdocs\finalP\book.php on line 20
[06-Jul-2024 19:49:13 Europe/Berlin] PHP Fatal error:  Uncaught mysqli_sql_exception: Table 'projectgmrh.appointment' doesn't exist in C:\xampp\htdocs\finalP\book.php:20
Stack trace:
#0 C:\xampp\htdocs\finalP\book.php(20): mysqli->prepare('select * from a...')
#1 {main}
  thrown in C:\xampp\htdocs\finalP\book.php on line 20
[06-Jul-2024 19:49:14 Europe/Berlin] PHP Fatal error:  Uncaught mysqli_sql_exception: Table 'projectgmrh.appointment' doesn't exist in C:\xampp\htdocs\finalP\book.php:20
Stack trace:
#0 C:\xampp\htdocs\finalP\book.php(20): mysqli->prepare('select * from a...')
#1 {main}
  thrown in C:\xampp\htdocs\finalP\book.php on line 20
[06-Jul-2024 19:50:01 Europe/Berlin] PHP Warning:  Undefined variable $slots in C:\xampp\htdocs\finalP\book.php on line 80
[06-Jul-2024 19:50:01 Europe/Berlin] PHP Warning:  foreach() argument must be of type array|object, null given in C:\xampp\htdocs\finalP\book.php on line 80
[06-Jul-2024 19:50:28 Europe/Berlin] PHP Fatal error:  Uncaught ArgumentCountError: Too few arguments to function timeslots(), 5 passed in C:\xampp\htdocs\finalP\book.php on line 78 and exactly 6 expected in C:\xampp\htdocs\finalP\book.php:47
Stack trace:
#0 C:\xampp\htdocs\finalP\book.php(78): timeslots(30, 10, '10:00', '16:00', '2024-07-06')
#1 {main}
  thrown in C:\xampp\htdocs\finalP\book.php on line 47
[06-Jul-2024 19:50:30 Europe/Berlin] PHP Fatal error:  Uncaught ArgumentCountError: Too few arguments to function timeslots(), 5 passed in C:\xampp\htdocs\finalP\book.php on line 78 and exactly 6 expected in C:\xampp\htdocs\finalP\book.php:47
Stack trace:
#0 C:\xampp\htdocs\finalP\book.php(78): timeslots(30, 10, '10:00', '16:00', '2024-07-06')
#1 {main}
  thrown in C:\xampp\htdocs\finalP\book.php on line 47
[06-Jul-2024 19:50:31 Europe/Berlin] PHP Fatal error:  Uncaught ArgumentCountError: Too few arguments to function timeslots(), 5 passed in C:\xampp\htdocs\finalP\book.php on line 78 and exactly 6 expected in C:\xampp\htdocs\finalP\book.php:47
Stack trace:
#0 C:\xampp\htdocs\finalP\book.php(78): timeslots(30, 10, '10:00', '16:00', '2024-07-06')
#1 {main}
  thrown in C:\xampp\htdocs\finalP\book.php on line 47
[06-Jul-2024 19:53:48 Europe/Berlin] PHP Warning:  Undefined variable $currentTime in C:\xampp\htdocs\finalP\book.php on line 56
[06-Jul-2024 19:53:48 Europe/Berlin] PHP Fatal error:  Uncaught Error: Call to a member function format() on null in C:\xampp\htdocs\finalP\book.php:56
Stack trace:
#0 C:\xampp\htdocs\finalP\book.php(78): timeslots('2024-07-05', 30, 10, '10:00', '16:00', Object(DateTime))
#1 {main}
  thrown in C:\xampp\htdocs\finalP\book.php on line 56
[06-Jul-2024 19:54:21 Europe/Berlin] PHP Warning:  Undefined variable $currentTime in C:\xampp\htdocs\finalP\book.php on line 56
[06-Jul-2024 19:54:21 Europe/Berlin] PHP Fatal error:  Uncaught Error: Call to a member function format() on null in C:\xampp\htdocs\finalP\book.php:56
Stack trace:
#0 C:\xampp\htdocs\finalP\book.php(78): timeslots('2024-07-13', 30, 10, '10:00', '16:00', Object(DateTime))
#1 {main}
  thrown in C:\xampp\htdocs\finalP\book.php on line 56
[06-Jul-2024 19:55:38 Europe/Berlin] PHP Warning:  mysqli::__construct(): php_network_getaddresses: getaddrinfo for host failed: No such host is known.  in C:\xampp\htdocs\finalP\book.php on line 90
[06-Jul-2024 19:55:38 Europe/Berlin] PHP Fatal error:  Uncaught mysqli_sql_exception: php_network_getaddresses: getaddrinfo for host failed: No such host is known.  in C:\xampp\htdocs\finalP\book.php:90
Stack trace:
#0 C:\xampp\htdocs\finalP\book.php(90): mysqli->__construct('host', 'username', Object(SensitiveParameterValue), 'database')
#1 {main}
  thrown in C:\xampp\htdocs\finalP\book.php on line 90
[06-Jul-2024 19:55:41 Europe/Berlin] PHP Warning:  mysqli::__construct(): php_network_getaddresses: getaddrinfo for host failed: No such host is known.  in C:\xampp\htdocs\finalP\book.php on line 90
[06-Jul-2024 19:55:41 Europe/Berlin] PHP Fatal error:  Uncaught mysqli_sql_exception: php_network_getaddresses: getaddrinfo for host failed: No such host is known.  in C:\xampp\htdocs\finalP\book.php:90
Stack trace:
#0 C:\xampp\htdocs\finalP\book.php(90): mysqli->__construct('host', 'username', Object(SensitiveParameterValue), 'database')
#1 {main}
  thrown in C:\xampp\htdocs\finalP\book.php on line 90
[06-Jul-2024 19:55:43 Europe/Berlin] PHP Warning:  mysqli::__construct(): php_network_getaddresses: getaddrinfo for host failed: No such host is known.  in C:\xampp\htdocs\finalP\book.php on line 90
[06-Jul-2024 19:55:43 Europe/Berlin] PHP Fatal error:  Uncaught mysqli_sql_exception: php_network_getaddresses: getaddrinfo for host failed: No such host is known.  in C:\xampp\htdocs\finalP\book.php:90
Stack trace:
#0 C:\xampp\htdocs\finalP\book.php(90): mysqli->__construct('host', 'username', Object(SensitiveParameterValue), 'database')
#1 {main}
  thrown in C:\xampp\htdocs\finalP\book.php on line 90
[06-Jul-2024 19:55:46 Europe/Berlin] PHP Warning:  mysqli::__construct(): php_network_getaddresses: getaddrinfo for host failed: No such host is known.  in C:\xampp\htdocs\finalP\book.php on line 90
[06-Jul-2024 19:55:46 Europe/Berlin] PHP Fatal error:  Uncaught mysqli_sql_exception: php_network_getaddresses: getaddrinfo for host failed: No such host is known.  in C:\xampp\htdocs\finalP\book.php:90
Stack trace:
#0 C:\xampp\htdocs\finalP\book.php(90): mysqli->__construct('host', 'username', Object(SensitiveParameterValue), 'database')
#1 {main}
  thrown in C:\xampp\htdocs\finalP\book.php on line 90
[06-Jul-2024 19:55:49 Europe/Berlin] PHP Warning:  mysqli::__construct(): php_network_getaddresses: getaddrinfo for host failed: No such host is known.  in C:\xampp\htdocs\finalP\book.php on line 90
[06-Jul-2024 19:55:49 Europe/Berlin] PHP Fatal error:  Uncaught mysqli_sql_exception: php_network_getaddresses: getaddrinfo for host failed: No such host is known.  in C:\xampp\htdocs\finalP\book.php:90
Stack trace:
#0 C:\xampp\htdocs\finalP\book.php(90): mysqli->__construct('host', 'username', Object(SensitiveParameterValue), 'database')
#1 {main}
  thrown in C:\xampp\htdocs\finalP\book.php on line 90
[06-Jul-2024 19:55:51 Europe/Berlin] PHP Warning:  mysqli::__construct(): php_network_getaddresses: getaddrinfo for host failed: No such host is known.  in C:\xampp\htdocs\finalP\book.php on line 90
[06-Jul-2024 19:55:51 Europe/Berlin] PHP Fatal error:  Uncaught mysqli_sql_exception: php_network_getaddresses: getaddrinfo for host failed: No such host is known.  in C:\xampp\htdocs\finalP\book.php:90
Stack trace:
#0 C:\xampp\htdocs\finalP\book.php(90): mysqli->__construct('host', 'username', Object(SensitiveParameterValue), 'database')
#1 {main}
  thrown in C:\xampp\htdocs\finalP\book.php on line 90
[06-Jul-2024 19:55:54 Europe/Berlin] PHP Warning:  mysqli::__construct(): php_network_getaddresses: getaddrinfo for host failed: No such host is known.  in C:\xampp\htdocs\finalP\book.php on line 90
[06-Jul-2024 19:55:54 Europe/Berlin] PHP Fatal error:  Uncaught mysqli_sql_exception: php_network_getaddresses: getaddrinfo for host failed: No such host is known.  in C:\xampp\htdocs\finalP\book.php:90
Stack trace:
#0 C:\xampp\htdocs\finalP\book.php(90): mysqli->__construct('host', 'username', Object(SensitiveParameterValue), 'database')
#1 {main}
  thrown in C:\xampp\htdocs\finalP\book.php on line 90
[06-Jul-2024 19:55:57 Europe/Berlin] PHP Warning:  mysqli::__construct(): php_network_getaddresses: getaddrinfo for host failed: No such host is known.  in C:\xampp\htdocs\finalP\book.php on line 90
[06-Jul-2024 19:55:57 Europe/Berlin] PHP Fatal error:  Uncaught mysqli_sql_exception: php_network_getaddresses: getaddrinfo for host failed: No such host is known.  in C:\xampp\htdocs\finalP\book.php:90
Stack trace:
#0 C:\xampp\htdocs\finalP\book.php(90): mysqli->__construct('host', 'username', Object(SensitiveParameterValue), 'database')
#1 {main}
  thrown in C:\xampp\htdocs\finalP\book.php on line 90
[06-Jul-2024 19:56:23 Europe/Berlin] PHP Warning:  mysqli::__construct(): php_network_getaddresses: getaddrinfo for host failed: No such host is known.  in C:\xampp\htdocs\finalP\book.php on line 90
[06-Jul-2024 19:56:23 Europe/Berlin] PHP Fatal error:  Uncaught mysqli_sql_exception: php_network_getaddresses: getaddrinfo for host failed: No such host is known.  in C:\xampp\htdocs\finalP\book.php:90
Stack trace:
#0 C:\xampp\htdocs\finalP\book.php(90): mysqli->__construct('host', 'username', Object(SensitiveParameterValue), 'database')
#1 {main}
  thrown in C:\xampp\htdocs\finalP\book.php on line 90
[06-Jul-2024 19:57:06 Europe/Berlin] PHP Fatal error:  Uncaught Error: mysqli object is already closed in C:\xampp\htdocs\finalP\book.php:307
Stack trace:
#0 C:\xampp\htdocs\finalP\book.php(307): mysqli->prepare('INSERT INTO app...')
#1 {main}
  thrown in C:\xampp\htdocs\finalP\book.php on line 307
[06-Jul-2024 19:59:31 Europe/Berlin] PHP Warning:  mysqli::__construct(): php_network_getaddresses: getaddrinfo for host failed: No such host is known.  in C:\xampp\htdocs\finalP\book.php on line 83
[06-Jul-2024 19:59:31 Europe/Berlin] PHP Fatal error:  Uncaught mysqli_sql_exception: php_network_getaddresses: getaddrinfo for host failed: No such host is known.  in C:\xampp\htdocs\finalP\book.php:83
Stack trace:
#0 C:\xampp\htdocs\finalP\book.php(83): mysqli->__construct('host', 'username', Object(SensitiveParameterValue), 'database')
#1 {main}
  thrown in C:\xampp\htdocs\finalP\book.php on line 83
[06-Jul-2024 20:00:52 Europe/Berlin] PHP Fatal error:  Uncaught Error: mysqli object is already closed in C:\xampp\htdocs\finalP\book.php:301
Stack trace:
#0 C:\xampp\htdocs\finalP\book.php(301): mysqli->prepare('INSERT INTO app...')
#1 {main}
  thrown in C:\xampp\htdocs\finalP\book.php on line 301
[10-Aug-2024 17:54:26 Europe/Berlin] PHP Warning:  Undefined array key "date" in C:\xampp\htdocs\finalP\book.php on line 68
[10-Aug-2024 17:54:26 Europe/Berlin] PHP Fatal error:  Uncaught mysqli_sql_exception: Column 'date' cannot be null in C:\xampp\htdocs\finalP\book.php:76
Stack trace:
#0 C:\xampp\htdocs\finalP\book.php(76): mysqli_stmt->execute()
#1 {main}
  thrown in C:\xampp\htdocs\finalP\book.php on line 76
[10-Aug-2024 17:57:20 Europe/Berlin] PHP Warning:  Undefined array key "date" in C:\xampp\htdocs\finalP\book.php on line 68
[10-Aug-2024 17:57:20 Europe/Berlin] PHP Fatal error:  Uncaught mysqli_sql_exception: Column 'date' cannot be null in C:\xampp\htdocs\finalP\book.php:76
Stack trace:
#0 C:\xampp\htdocs\finalP\book.php(76): mysqli_stmt->execute()
#1 {main}
  thrown in C:\xampp\htdocs\finalP\book.php on line 76
[10-Aug-2024 18:00:09 Europe/Berlin] PHP Warning:  Undefined array key "date" in C:\xampp\htdocs\finalP\book.php on line 68
[10-Aug-2024 18:00:09 Europe/Berlin] PHP Fatal error:  Uncaught mysqli_sql_exception: Column 'date' cannot be null in C:\xampp\htdocs\finalP\book.php:76
Stack trace:
#0 C:\xampp\htdocs\finalP\book.php(76): mysqli_stmt->execute()
#1 {main}
  thrown in C:\xampp\htdocs\finalP\book.php on line 76
[10-Aug-2024 18:07:24 Europe/Berlin] PHP Warning:  Undefined variable $currentDate in C:\xampp\htdocs\finalP\book.php on line 190
